<?xml version="1.0" encoding="UTF-8"?>
<!-- Generated by org.testng.reporters.JUnitXMLReporter -->
<testsuite hostname="DESKTOP-VI7FJJF" ignored="0" name="Test" tests="1" failures="1" timestamp="15 Aug 2018 09:37:36 GMT" time="0.038" errors="0">
  <testcase name="google" time="0.01" classname="basic.LaunchTC">
    <failure type="java.lang.Error" message="Unresolved compilation problem: 
	The method intialiseChromeDriver() in the type DriverFactory is not applicable for the arguments (WebDriver)
">
      <![CDATA[java.lang.Error: Unresolved compilation problem: 
The method intialiseChromeDriver() in the type DriverFactory is not applicable for the arguments (WebDriver)

at basic.LaunchTC.google(LaunchTC.java:24)
... Removed 25 stack frames]]>
    </failure>
  </testcase> <!-- google -->
</testsuite> <!-- Test -->
