<?xml version="1.0" encoding="UTF-8"?>
<testng-results skipped="0" failed="0" ignored="0" total="1" passed="1">
  <reporter-output>
  </reporter-output>
  <suite name="Suite" duration-ms="141204" started-at="2018-08-17T19:45:58Z" finished-at="2018-08-17T19:48:19Z">
    <groups>
    </groups>
    <test name="Test" duration-ms="141204" started-at="2018-08-17T19:45:58Z" finished-at="2018-08-17T19:48:19Z">
      <class name="testcases.LoginWordPress.LoginWordPressTC">
        <test-method status="PASS" signature="UserLoginToWordPress()[pri:0, instance:testcases.LoginWordPress.LoginWordPressTC@28feb3fa]" name="UserLoginToWordPress" duration-ms="141164" started-at="2018-08-17T19:45:58Z" finished-at="2018-08-17T19:48:19Z">
          <reporter-output>
          </reporter-output>
        </test-method> <!-- UserLoginToWordPress -->
      </class> <!-- testcases.LoginWordPress.LoginWordPressTC -->
    </test> <!-- Test -->
  </suite> <!-- Suite -->
</testng-results>
