<?xml version="1.0" encoding="UTF-8"?>
<testng-results skipped="0" failed="0" ignored="0" total="1" passed="1">
  <reporter-output>
  </reporter-output>
  <suite name="Suite" duration-ms="287590" started-at="2018-08-15T19:44:36Z" finished-at="2018-08-15T19:49:23Z">
    <groups>
    </groups>
    <test name="Test" duration-ms="287590" started-at="2018-08-15T19:44:36Z" finished-at="2018-08-15T19:49:23Z">
      <class name="testcases.LoginWordPress.LoginWordPressTC">
        <test-method status="PASS" signature="UserLoginToWordPress()[pri:0, instance:testcases.LoginWordPress.LoginWordPressTC@7dc7cbad]" name="UserLoginToWordPress" duration-ms="287559" started-at="2018-08-15T19:44:36Z" finished-at="2018-08-15T19:49:23Z">
          <reporter-output>
          </reporter-output>
        </test-method> <!-- UserLoginToWordPress -->
      </class> <!-- testcases.LoginWordPress.LoginWordPressTC -->
    </test> <!-- Test -->
  </suite> <!-- Suite -->
</testng-results>
